<?xml version="1.0" encoding="UTF-8"?>
<testsuite xmlns:xsi="http://www.w3.org/2001/XMLSchema-instance" xsi:noNamespaceSchemaLocation="https://maven.apache.org/surefire/maven-surefire-plugin/xsd/surefire-test-report.xsd" name="com.rijks.RijksmuseumAPITests" time="2.719" tests="2" errors="0" skipped="0" failures="0">
  <properties>
[...]
</properties>
  <testcase name="testRetrieveCollections" classname="com.rijks.RijksmuseumAPITests" time="1.653"/>
  <testcase name="testRetrieveObjectDetails" classname="com.rijks.RijksmuseumAPITests" time="0.823"/>
</testsuite>